app/seeds.txt
com.kiosoft2.testdemo.activity.OverLineEdixView
com.kiosoft2.testdemo.activity.TestActivity05
com.kiosoft2.testdemo.activity.TestActivity03
com.kiosoft2.testdemo.db.model.Book
com.kiosoft2.testdemo.MyApplication
com.kiosoft2.testdemo.db.model.Book_
com.kiosoft2.testdemo.activity.TestActivity02
com.kiosoft2.testdemo.db.model.User
com.kiosoft2.testdemo.activity.TestActivity04
com.kiosoft2.testdemo.db.model.User_
com.kiosoft2.testdemo.Test1Fragment
com.kiosoft2.testdemo.db.model.User_: java.lang.String tableName_
com.kiosoft2.testdemo.db.model.Book_: com.kiosoft2.api.Property name
com.kiosoft2.testdemo.db.model.User_: com.kiosoft2.api.Property a4
com.kiosoft2.testdemo.db.model.Book: int page
com.kiosoft2.testdemo.db.model.User: java.lang.String address
com.kiosoft2.testdemo.db.model.User: float a1
com.kiosoft2.testdemo.db.model.User: java.lang.Boolean a11
com.kiosoft2.testdemo.db.model.User_: com.kiosoft2.testdemo.db.model.User_ _instance
com.kiosoft2.testdemo.db.model.User: java.lang.Byte a8
com.kiosoft2.testdemo.db.model.User: boolean sex
com.kiosoft2.testdemo.db.model.User: short a5
com.kiosoft2.testdemo.db.model.Book_: com.kiosoft2.testdemo.db.model.Book_ _instance
com.kiosoft2.testdemo.db.model.User_: com.kiosoft2.api.Property a11
com.kiosoft2.testdemo.db.model.User_: com.kiosoft2.api.Property a9
com.kiosoft2.testdemo.db.model.Book: long uid
com.kiosoft2.testdemo.db.model.User_: com.kiosoft2.api.Property a10
com.kiosoft2.testdemo.db.model.User_: java.util.List compositePK_
com.kiosoft2.testdemo.db.model.User_: com.kiosoft2.api.Property address
com.kiosoft2.testdemo.db.model.User_: com.kiosoft2.api.Property id
com.kiosoft2.testdemo.db.model.User: byte a3
com.kiosoft2.testdemo.db.model.User: java.lang.Long a7
com.kiosoft2.testdemo.db.model.User_: com.kiosoft2.api.Property sex
com.kiosoft2.testdemo.db.model.User_: java.util.List allProperties_
com.kiosoft2.testdemo.db.model.Book_: com.kiosoft2.api.Property uid
com.kiosoft2.testdemo.db.model.User_: com.kiosoft2.api.Property age
com.kiosoft2.testdemo.db.model.User_: com.kiosoft2.api.Property a7
com.kiosoft2.testdemo.db.model.User: java.lang.Integer a10
com.kiosoft2.testdemo.db.model.Book: java.lang.Long id
com.kiosoft2.testdemo.db.model.Book_: java.lang.Class entityClass_
com.kiosoft2.testdemo.db.model.Book_: com.kiosoft2.api.Property page
com.kiosoft2.testdemo.db.model.User_: com.kiosoft2.api.Property a5
com.kiosoft2.testdemo.db.model.User: byte[] a4
com.kiosoft2.testdemo.db.model.User: java.lang.Short a9
com.kiosoft2.testdemo.db.model.User_: com.kiosoft2.api.Property a6
com.kiosoft2.testdemo.db.model.Book: java.lang.String name
com.kiosoft2.testdemo.db.model.User: long id
com.kiosoft2.testdemo.db.model.User_: com.kiosoft2.api.Property name
com.kiosoft2.testdemo.db.model.User: java.lang.String name
com.kiosoft2.testdemo.db.model.User_: com.kiosoft2.testdemo.db.model.User_$Companion Companion
com.kiosoft2.testdemo.db.model.Book_: java.lang.String tableName_
com.kiosoft2.testdemo.db.model.User_: com.kiosoft2.api.Property a2
com.kiosoft2.testdemo.db.model.Book_: java.util.List compositePK_
com.kiosoft2.testdemo.bus.impl.ILifecycleOwner: androidx.lifecycle.LifecycleRegistry lifecycleRegistry
com.kiosoft2.testdemo.db.model.Book_: java.util.List allProperties_
com.kiosoft2.testdemo.db.model.User_: com.kiosoft2.api.Property a3
com.kiosoft2.testdemo.db.model.User_: com.kiosoft2.api.Property a8
com.kiosoft2.testdemo.db.model.User: java.lang.Float a6
com.kiosoft2.testdemo.db.model.Book_: com.kiosoft2.testdemo.db.model.Book_$Companion Companion
com.kiosoft2.testdemo.db.model.Book_: com.kiosoft2.api.Property id
com.kiosoft2.testdemo.db.model.User_: com.kiosoft2.api.Property a1
com.kiosoft2.testdemo.db.model.User: long a2
com.kiosoft2.testdemo.db.model.User_: java.lang.Class entityClass_
com.kiosoft2.testdemo.db.model.User: int age
com.kiosoft2.testdemo.db.model.User: void setSex(boolean)
com.kiosoft2.testdemo.db.model.Book_: void access$set_instance$cp(com.kiosoft2.testdemo.db.model.Book_)
...
com.tencent.mmkv.MMKV: boolean decodeBool(long,java.lang.String,boolean)
com.kiosoft2.common.task.model.TaskInfo: java.util.concurrent.TimeUnit getUnit()
com.kiosoft2.api.statement.element.Expression: Expression(com.kiosoft2.api.Property,com.kiosoft2.api.type.ExpressionType)
androidx.room.CoroutinesRoom$Companion: java.lang.Object execute(androidx.room.RoomDatabase,boolean,android.os.CancellationSignal,java.util.concurrent.Callable,kotlin.coroutines.Continuation)
com.kiosoft2.api.condition.BasicCondition: com.kiosoft2.api.condition.BasicCondition greater(com.kiosoft2.api.builder.ChildQuery,java.lang.String)
androidx.room.AutoClosingRoomOpenHelper$AutoClosingSupportSQLiteDatabase$isDatabaseIntegrityOk$1: <clinit>()
androidx.room.AutoClosingRoomOpenHelper$AutoClosingSupportSqliteStatement$executeSqliteStatementWithRefCount$1: java.lang.Object invoke(java.lang.Object)
com.kiosoft2.api.condition.BasicCondition: com.kiosoft2.api.condition.BasicCondition notEqual(com.kiosoft2.api.builder.ChildQuery,boolean)
androidx.room.MultiInstanceInvalidationService$binder$1: void broadcastInvalidation(int,java.lang.String[])
com.kiosoft2.common.router.ARouterOperator: ARouterOperator(kotlin.jvm.internal.DefaultConstructorMarker)
androidx.room.AmbiguousColumnResolver$Solution: androidx.room.AmbiguousColumnResolver$Solution access$getNO_SOLUTION$cp()
kotlin.jvm.internal.CallableReference: java.lang.String getName()
androidx.appcompat.widget.ActionBarContainer: void setStackedBackground(android.graphics.drawable.Drawable)
androidx.room.InvalidationTracker$ObservedTableTracker: boolean onRemoved(int[])
androidx.core.widget.ImageViewCompat$Api21Impl: void setImageTintList(android.widget.ImageView,android.content.res.ColorStateList)
androidx.appcompat.widget.Toolbar: android.view.MenuInflater getMenuInflater()
androidx.room.QueryInterceptorStatement: void saveArgsToCache(int,java.lang.Object)
androidx.appcompat.app.AppCompatDelegateImpl$Api24Impl: void setDefaultLocales(androidx.core.os.LocaleListCompat)
com.kiosoft2.api.condition.BasicCondition: com.kiosoft2.api.condition.BasicCondition in(com.kiosoft2.api.builder.ChildQuery,java.lang.Integer[])
com.kiosoft2.api.condition.BasicCondition: com.kiosoft2.api.condition.BasicCondition greaterOrEqual(com.kiosoft2.api.builder.ChildQuery,java.util.Date)
androidx.fragment.app.FragmentContainerView: void setDrawDisappearingViewsLast(boolean)
androidx.appcompat.widget.AppCompatImageView: android.content.res.ColorStateList getSupportImageTintList()
com.kiosoft2.api.dao.Dao: java.lang.Long[] save(java.lang.Object[])
androidx.core.view.MarginLayoutParamsCompat$Api17Impl: void setMarginStart(android.view.ViewGroup$MarginLayoutParams,int)
com.google.gson.reflect.TypeToken: TypeToken()
androidx.core.content.ContextCompat$Api16Impl: void startActivity(android.content.Context,android.content.Intent,android.os.Bundle)
androidx.room.AutoClosingRoomOpenHelper$AutoClosingSupportSQLiteDatabase$pageSize$2: java.lang.Object invoke(androidx.sqlite.db.SupportSQLiteDatabase)
com.kiosoft2.common.autoservice.impl.TaskServiceImpl$reStartTask$1: java.lang.Object invoke(kotlinx.coroutines.CoroutineScope,kotlin.coroutines.Continuation)
androidx.room.Fts4: java.lang.Class contentEntity()
androidx.core.view.WindowInsetsCompat$BuilderImpl29: void setSystemGestureInsets(androidx.core.graphics.Insets)
androidx.room.AutoClosingRoomOpenHelper$AutoClosingSupportSQLiteDatabase: void setForeignKeyConstraintsEnabled(boolean)
com.kiosoft2.api.builder.ChildQuery: com.kiosoft2.api.builder.ChildQuery avg(com.kiosoft2.api.Property)
androidx.room.CoroutinesRoom: <clinit>()
androidx.lifecycle.EmptyActivityLifecycleCallbacks: void onActivityStopped(android.app.Activity)
androidx.appcompat.widget.AppCompatCheckBox: android.content.res.ColorStateList getSupportCompoundDrawablesTintList()
com.kiosoft2.common.task.model.MethodInfo: void setArgs(java.util.List)
androidx.lifecycle.EmptyActivityLifecycleCallbacks: void onActivityStarted(android.app.Activity)