app/unused.txt
com.kiosoft2.testdemo.BuildConfig
com.kiosoft2.testdemo.MyApplication$Companion:
    public final com.kiosoft2.testdemo.MyApplication getInstance()
    public final com.kiosoft2.testdemo.MyApplication getMyApplication()
com.kiosoft2.testdemo.R$color
com.kiosoft2.testdemo.R$drawable
com.kiosoft2.testdemo.R$id
com.kiosoft2.testdemo.R$layout
com.kiosoft2.testdemo.R$mipmap
com.kiosoft2.testdemo.R$string
com.kiosoft2.testdemo.R$style
com.kiosoft2.testdemo.R$xml
com.kiosoft2.testdemo.R
com.kiosoft2.testdemo.Test1Fragment:
    public final java.lang.String getName()
com.kiosoft2.testdemo.activity.OverLineEdixView:
    public void <init>(android.content.Context)
    public void <init>(android.content.Context,android.util.AttributeSet,int)
com.kiosoft2.testdemo.activity.TestActivity01$AjcClosure1
com.kiosoft2.testdemo.activity.TestActivity01$AjcClosure3
com.kiosoft2.testdemo.activity.TestActivity01$AjcClosure5
com.kiosoft2.testdemo.activity.TestActivity01$AjcClosure7
com.kiosoft2.testdemo.activity.TestActivity01$onCreate$2
com.kiosoft2.testdemo.activity.TestActivity01$onCreate$3
com.kiosoft2.testdemo.activity.TestActivity01$onPost
com.kiosoft2.testdemo.activity.TestActivity01$sam$androidx_lifecycle_Observer$0
com.kiosoft2.testdemo.activity.TestActivity01
com.kiosoft2.testdemo.activity.TestActivity03:
    public final com.kiosoft2.common.model.BaseLifecycleOwnerImpl getBaseLifecycleOwnerImpl()
    public final void setBaseLifecycleOwnerImpl(com.kiosoft2.common.model.BaseLifecycleOwnerImpl)
com.kiosoft2.testdemo.activity.TestActivity04:
    io.reactivex.rxjava3.disposables.Disposable task1
    io.reactivex.rxjava3.disposables.Disposable task2s
    void bindDisposable(io.reactivex.rxjava3.disposables.Disposable,int)
    void onTaskComplete(int)
com.kiosoft2.testdemo.activity.TestActivity05$AjcClosure13
com.kiosoft2.testdemo.activity.TestActivity05$AjcClosure15
com.kiosoft2.testdemo.activity.TestActivity05$AjcClosure17
com.kiosoft2.testdemo.activity.TestActivity05$AjcClosure19
com.kiosoft2.testdemo.activity.TestActivity05$AjcClosure21
com.kiosoft2.testdemo.activity.TestActivity05$AjcClosure23
com.kiosoft2.testdemo.activity.TestActivity05$AjcClosure25
com.kiosoft2.testdemo.activity.TestActivity05$AjcClosure5
com.kiosoft2.testdemo.activity.TestActivity05$AjcClosure7
com.kiosoft2.testdemo.activity.TestActivity05:
    private static synthetic java.lang.annotation.Annotation ajc$anno$10
    private static synthetic java.lang.annotation.Annotation ajc$anno$11
    private static synthetic java.lang.annotation.Annotation ajc$anno$12
    private static synthetic java.lang.annotation.Annotation ajc$anno$2
    private static synthetic java.lang.annotation.Annotation ajc$anno$3
    private static synthetic java.lang.annotation.Annotation ajc$anno$6
    private static synthetic java.lang.annotation.Annotation ajc$anno$7
    private static synthetic java.lang.annotation.Annotation ajc$anno$8
    private static synthetic java.lang.annotation.Annotation ajc$anno$9
    public final void delayedTask()
    public final void delayedTask2()
    static final synthetic void delayedTask2_aroundBody24(com.kiosoft2.testdemo.activity.TestActivity05,org.aspectj.lang.JoinPoint)
    static final synthetic void delayedTask_aroundBody22(com.kiosoft2.testdemo.activity.TestActivity05,org.aspectj.lang.JoinPoint)
    public final com.kiosoft2.common.encrypt.EncryptService getEncryptService()
    public final java.lang.String getName()
    public final com.kiosoft2.common.task.model.TaskInfo getTask1()
    public final com.kiosoft2.common.task.model.TaskInfo getTask2s()
    public final com.kiosoft2.common.autoservice.service.TaskService getTaskService()
    public final void setEncryptService(com.kiosoft2.common.encrypt.EncryptService)
com.kiosoft2.testdemo.bus.impl.ILifecycleEventObserver
com.kiosoft2.testdemo.databinding.ActivityTest01Binding:
    public synthetic bridge android.view.View getRoot()
...
io.reactivex.rxjava3.internal.operators.observable.ObservableWindowBoundarySelector$WindowBoundaryMainObserver$WindowStartItem
io.reactivex.rxjava3.internal.operators.observable.ObservableWindowBoundarySelector$WindowBoundaryMainObserver$WindowStartObserver
io.reactivex.rxjava3.internal.operators.observable.ObservableWindowBoundarySelector$WindowBoundaryMainObserver
io.reactivex.rxjava3.internal.operators.observable.ObservableWindowBoundarySelector
io.reactivex.rxjava3.internal.operators.observable.ObservableWindowSubscribeIntercept
io.reactivex.rxjava3.internal.operators.observable.ObservableWindowTimed$AbstractWindowObserver
io.reactivex.rxjava3.internal.operators.observable.ObservableWindowTimed$WindowExactBoundedObserver$WindowBoundaryRunnable
io.reactivex.rxjava3.internal.operators.observable.ObservableWindowTimed$WindowExactBoundedObserver
io.reactivex.rxjava3.internal.operators.observable.ObservableWindowTimed$WindowExactUnboundedObserver$WindowRunnable
io.reactivex.rxjava3.internal.operators.observable.ObservableWindowTimed$WindowExactUnboundedObserver
io.reactivex.rxjava3.internal.operators.observable.ObservableWindowTimed$WindowSkipObserver$WindowBoundaryRunnable
io.reactivex.rxjava3.internal.operators.observable.ObservableWindowTimed$WindowSkipObserver
io.reactivex.rxjava3.internal.operators.observable.ObservableWindowTimed
io.reactivex.rxjava3.internal.operators.observable.ObservableWithLatestFrom$WithLatestFromObserver
io.reactivex.rxjava3.internal.operators.observable.ObservableWithLatestFrom$WithLatestFromOtherObserver
io.reactivex.rxjava3.internal.operators.observable.ObservableWithLatestFrom
io.reactivex.rxjava3.internal.operators.observable.ObservableWithLatestFromMany$SingletonArrayFunc
io.reactivex.rxjava3.internal.operators.observable.ObservableWithLatestFromMany$WithLatestFromObserver
io.reactivex.rxjava3.internal.operators.observable.ObservableWithLatestFromMany$WithLatestInnerObserver
io.reactivex.rxjava3.internal.operators.observable.ObservableWithLatestFromMany
io.reactivex.rxjava3.internal.operators.observable.ObservableZip$ZipCoordinator
io.reactivex.rxjava3.internal.operators.observable.ObservableZip$ZipObserver
io.reactivex.rxjava3.internal.operators.observable.ObservableZip
io.reactivex.rxjava3.internal.operators.observable.ObservableZipIterable$ZipIterableObserver
io.reactivex.rxjava3.internal.operators.observable.ObservableZipIterable
io.reactivex.rxjava3.internal.operators.observable.ObserverResourceWrapper
io.reactivex.rxjava3.internal.operators.parallel.ParallelCollect$ParallelCollectSubscriber
io.reactivex.rxjava3.internal.operators.parallel.ParallelCollect
io.reactivex.rxjava3.internal.operators.parallel.ParallelConcatMap
io.reactivex.rxjava3.internal.operators.parallel.ParallelDoOnNextTry$1
io.reactivex.rxjava3.internal.operators.parallel.ParallelDoOnNextTry$ParallelDoOnNextConditionalSubscriber
io.reactivex.rxjava3.internal.operators.parallel.ParallelDoOnNextTry$ParallelDoOnNextSubscriber
io.reactivex.rxjava3.internal.operators.parallel.ParallelDoOnNextTry
io.reactivex.rxjava3.internal.operators.parallel.ParallelFilter$BaseFilterSubscriber
io.reactivex.rxjava3.internal.operators.parallel.ParallelFilter$ParallelFilterConditionalSubscriber
io.reactivex.rxjava3.internal.operators.parallel.ParallelFilter$ParallelFilterSubscriber
io.reactivex.rxjava3.internal.operators.parallel.ParallelFilter
io.reactivex.rxjava3.internal.operators.parallel.ParallelFilterTry$1
io.reactivex.rxjava3.internal.operators.parallel.ParallelFilterTry$BaseFilterSubscriber
io.reactivex.rxjava3.internal.operators.parallel.ParallelFilterTry$ParallelFilterConditionalSubscriber
io.reactivex.rxjava3.internal.operators.parallel.ParallelFilterTry$ParallelFilterSubscriber
io.reactivex.rxjava3.internal.operators.parallel.ParallelFilterTry
io.reactivex.rxjava3.internal.operators.parallel.ParallelFlatMap
io.reactivex.rxjava3.internal.operators.parallel.ParallelFlatMapIterable